<?xml version="1.0" encoding="utf-8"?><testsuites name="pytest tests"><testsuite name="pytest" errors="0" failures="0" skipped="0" tests="62" time="61.130" timestamp="2026-05-13T10:50:13.744973+00:00" hostname="agent-env-0fcf35fd-0871-4eb6-b7b0-4e994da750cb"><testcase classname="backend.tests.test_iteration3.TestOcrSettingsNewFields" name="test_get_returns_all_new_fields_with_defaults" time="0.466" /><testcase classname="backend.tests.test_iteration3.TestOcrSettingsNewFields" name="test_partial_put_preserves_existing_fields" time="0.215" /><testcase classname="backend.tests.test_iteration3.TestOcrSettingsNewFields" name="test_set_credentials_all_secrets_masked" time="0.188" /><testcase classname="backend.tests.test_iteration3.TestOcrSettingsNewFields" name="test_masked_put_does_not_overwrite_real_key" time="0.368" /><testcase classname="backend.tests.test_iteration3.TestOcrSettingsNewFields" name="test_invalid_copilot_provider_rejected" time="0.045" /><testcase classname="backend.tests.test_iteration3.TestOcrSettingsNewFields" name="test_all_six_providers_accepted[gemini]" time="0.091" /><testcase classname="backend.tests.test_iteration3.TestOcrSettingsNewFields" name="test_all_six_providers_accepted[openai]" time="0.103" /><testcase classname="backend.tests.test_iteration3.TestOcrSettingsNewFields" name="test_all_six_providers_accepted[anthropic]" time="0.094" /><testcase classname="backend.tests.test_iteration3.TestOcrSettingsNewFields" name="test_all_six_providers_accepted[azure_openai]" time="0.095" /><testcase classname="backend.tests.test_iteration3.TestOcrSettingsNewFields" name="test_all_six_providers_accepted[m365_copilot]" time="0.094" /><testcase classname="backend.tests.test_iteration3.TestOcrSettingsNewFields" name="test_all_six_providers_accepted[gemma]" time="0.093" /><testcase classname="backend.tests.test_iteration3.TestOcrSettingsNewFields" name="test_non_admin_put_forbidden" time="0.683" /><testcase classname="backend.tests.test_iteration3.TestOcrSettingsNewFields" name="test_audit_log_records_provider_change" time="0.140" /><testcase classname="backend.tests.test_iteration3.TestCopilotRouting" name="test_gemini_real_reply" time="5.777" /><testcase classname="backend.tests.test_iteration3.TestCopilotRouting" name="test_azure_openai_graceful_error" time="0.139" /><testcase classname="backend.tests.test_iteration3.TestCopilotRouting" name="test_m365_copilot_graceful_error" time="0.272" /><testcase classname="backend.tests.test_iteration3.TestCopilotRouting" name="test_gemma_graceful_error" time="0.137" /><testcase classname="backend.tests.test_iteration3.TestCopilotRouting" name="test_gemma_unconfigured_endpoint" time="0.094" /><testcase classname="backend.tests.test_iteration3.TestRegression" name="test_olmocr_api_key_masking_still_works" time="0.134" /><testcase classname="backend.tests.test_iteration3.TestRegression" name="test_documents_list_still_works" time="0.051" /><testcase classname="backend.tests.test_iteration3.TestRegression" name="test_dashboard_stats_still_work" time="0.201" /><testcase classname="backend.tests.test_iteration2.TestOcrSettings" name="test_get_defaults_for_fresh_tenant" time="0.752" /><testcase classname="backend.tests.test_iteration2.TestOcrSettings" name="test_put_updates_settings" time="0.048" /><testcase classname="backend.tests.test_iteration2.TestOcrSettings" name="test_get_returns_masked_key" time="0.045" /><testcase classname="backend.tests.test_iteration2.TestOcrSettings" name="test_masked_value_does_not_overwrite_real_key" time="0.103" /><testcase classname="backend.tests.test_iteration2.TestOcrSettings" name="test_invalid_engine_rejected" time="0.048" /><testcase classname="backend.tests.test_iteration2.TestOcrSettings" name="test_put_forbidden_non_admin" time="0.653" /><testcase classname="backend.tests.test_iteration2.TestOcrSettings" name="test_test_endpoint_with_bad_host" time="0.144" /><testcase classname="backend.tests.test_iteration2.TestOcrSettings" name="test_test_endpoint_forbidden_non_admin" time="0.046" /><testcase classname="backend.tests.test_iteration2.TestEngineRouting" name="test_engine_override_gemini" time="9.904" /><testcase classname="backend.tests.test_iteration2.TestEngineRouting" name="test_engine_override_olmocr_no_endpoint" time="0.218" /><testcase classname="backend.tests.test_iteration2.TestEngineRouting" name="test_auto_falls_back_to_gemini" time="9.464" /><testcase classname="backend.tests.test_iteration2.TestCopilot" name="test_copilot_chat_basic" time="4.712" /><testcase classname="backend.tests.test_iteration2.TestCopilot" name="test_copilot_disabled" time="0.158" /><testcase classname="backend.tests.test_iteration2.TestTenantIsolationIter2" name="test_b_cannot_update_a_ocr_settings" time="0.092" /><testcase classname="backend.tests.test_iteration2.TestTenantIsolationIter2" name="test_b_cannot_chat_about_a_doc" time="0.212" /><testcase classname="backend.tests.backend_test" name="test_root" time="0.145" /><testcase classname="backend.tests.backend_test.TestAuth" name="test_login_admin" time="0.325" /><testcase classname="backend.tests.backend_test.TestAuth" name="test_login_invalid" time="0.347" /><testcase classname="backend.tests.backend_test.TestAuth" name="test_me_requires_auth" time="0.099" /><testcase classname="backend.tests.backend_test.TestAuth" name="test_me_with_session" time="0.371" /><testcase classname="backend.tests.backend_test.TestAuth" name="test_register_creates_user" time="0.743" /><testcase classname="backend.tests.backend_test.TestAuth" name="test_logout_clears_cookies" time="0.424" /><testcase classname="backend.tests.backend_test.TestRBAC" name="test_non_admin_cannot_delete_user" time="0.685" /><testcase classname="backend.tests.backend_test.TestRBAC" name="test_non_admin_cannot_view_audit_logs" time="0.046" /><testcase classname="backend.tests.backend_test.TestRBAC" name="test_admin_can_view_audit_logs" time="0.058" /><testcase classname="backend.tests.backend_test.TestVendors" name="test_create_vendor_invalid_gstin" time="0.045" /><testcase classname="backend.tests.backend_test.TestVendors" name="test_create_vendor_valid_gstin_and_list" time="0.151" /><testcase classname="backend.tests.backend_test.TestDocuments" name="test_upload_single" time="0.088" /><testcase classname="backend.tests.backend_test.TestDocuments" name="test_get_document" time="0.047" /><testcase classname="backend.tests.backend_test.TestDocuments" name="test_get_document_file" time="0.051" /><testcase classname="backend.tests.backend_test.TestDocuments" name="test_list_documents_filters" time="0.162" /><testcase classname="backend.tests.backend_test.TestDocuments" name="test_upload_bulk" time="0.210" /><testcase classname="backend.tests.backend_test.TestDocuments" name="test_update_document_runs_validations" time="0.050" /><testcase classname="backend.tests.backend_test.TestDocuments" name="test_process_document_with_gemini" time="19.495" /><testcase classname="backend.tests.backend_test.TestDocuments" name="test_approve_document" time="0.049" /><testcase classname="backend.tests.backend_test.TestDocuments" name="test_reject_requires_role" time="0.051" /><testcase classname="backend.tests.backend_test.TestDocuments" name="test_export_one_excel" time="0.054" /><testcase classname="backend.tests.backend_test.TestDocuments" name="test_export_all_formats" time="0.252" /><testcase classname="backend.tests.backend_test.TestDashboard" name="test_dashboard_stats" time="0.060" /><testcase classname="backend.tests.backend_test.TestTenantIsolation" name="test_vendors_isolated_per_tenant" time="0.811" /><testcase classname="backend.tests.backend_test" name="test_final_cleanup_ops_user" time="0.097" /></testsuite></testsuites>