<?xml version="1.0" encoding="utf-8"?><testsuites name="pytest tests"><testsuite name="pytest" errors="0" failures="1" skipped="0" tests="15" time="37.303" timestamp="2026-05-12T12:34:47.658005+00:00" hostname="agent-env-0fcf35fd-0871-4eb6-b7b0-4e994da750cb"><testcase classname="backend.tests.test_iteration2.TestOcrSettings" name="test_get_defaults_for_fresh_tenant" time="1.074" /><testcase classname="backend.tests.test_iteration2.TestOcrSettings" name="test_put_updates_settings" time="0.076" /><testcase classname="backend.tests.test_iteration2.TestOcrSettings" name="test_get_returns_masked_key" time="0.074" /><testcase classname="backend.tests.test_iteration2.TestOcrSettings" name="test_masked_value_does_not_overwrite_real_key" time="0.150" /><testcase classname="backend.tests.test_iteration2.TestOcrSettings" name="test_invalid_engine_rejected" time="0.075" /><testcase classname="backend.tests.test_iteration2.TestOcrSettings" name="test_put_forbidden_non_admin" time="0.674" /><testcase classname="backend.tests.test_iteration2.TestOcrSettings" name="test_test_endpoint_with_bad_host" time="0.207" /><testcase classname="backend.tests.test_iteration2.TestOcrSettings" name="test_test_endpoint_forbidden_non_admin" time="0.048" /><testcase classname="backend.tests.test_iteration2.TestEngineRouting" name="test_engine_override_gemini" time="15.712" /><testcase classname="backend.tests.test_iteration2.TestEngineRouting" name="test_engine_override_olmocr_no_endpoint" time="0.406" /><testcase classname="backend.tests.test_iteration2.TestEngineRouting" name="test_auto_falls_back_to_gemini" time="11.941" /><testcase classname="backend.tests.test_iteration2.TestCopilot" name="test_copilot_chat_basic" time="6.082" /><testcase classname="backend.tests.test_iteration2.TestCopilot" name="test_copilot_disabled" time="0.292" /><testcase classname="backend.tests.test_iteration2.TestTenantIsolationIter2" name="test_b_cannot_update_a_ocr_settings" time="0.076"><failure message="assert 403 == 200&#10; +  where 403 = &lt;Response [403]&gt;.status_code">backend/tests/test_iteration2.py:277: in test_b_cannot_update_a_ocr_settings
    assert r.status_code == 200
E   assert 403 == 200
E    +  where 403 = &lt;Response [403]&gt;.status_code</failure></testcase><testcase classname="backend.tests.test_iteration2.TestTenantIsolationIter2" name="test_b_cannot_chat_about_a_doc" time="0.287" /></testsuite></testsuites>