<?xml version="1.0" encoding="utf-8"?><testsuites name="pytest tests"><testsuite name="pytest" errors="0" failures="1" skipped="0" tests="20" time="8.579" timestamp="2026-06-16T10:09:09.868996+00:00" hostname="agent-env-0fcf35fd-0871-4eb6-b7b0-4e994da750cb"><testcase classname="backend.tests.test_iteration5.TestCompression" name="test_large_png_compressed_to_jpeg_under_2048" time="1.041" /><testcase classname="backend.tests.test_iteration5.TestCompression" name="test_small_jpeg_passes_through_unchanged" time="0.135" /><testcase classname="backend.tests.test_iteration5.TestCompression" name="test_exif_orientation_auto_rotated" time="0.094"><failure message="AssertionError: EXIF not applied: orientation=6, size=(1000, 400), original=(1000,400)&#10;assert (False or False)">backend/tests/test_iteration5.py:217: in test_exif_orientation_auto_rotated
    assert rotated or normalized, \
E   AssertionError: EXIF not applied: orientation=6, size=(1000, 400), original=(1000,400)
E   assert (False or False)</failure></testcase><testcase classname="backend.tests.test_iteration5.TestPdfMultiPage" name="test_3_page_pdf_rasterized" time="0.760" /><testcase classname="backend.tests.test_iteration5.TestPdfMultiPage" name="test_5_page_pdf_capped_at_3" time="0.618" /><testcase classname="backend.tests.test_iteration5.TestUploadBulk" name="test_combine_3_images_as_single_doc" time="0.113" /><testcase classname="backend.tests.test_iteration5.TestUploadBulk" name="test_default_creates_separate_docs" time="0.221" /><testcase classname="backend.tests.test_iteration5.TestFileEndpoint" name="test_page_out_of_range_returns_404" time="0.191" /><testcase classname="backend.tests.test_iteration5.TestFileEndpoint" name="test_legacy_single_page_doc_synthesised" time="0.174" /><testcase classname="backend.tests.test_iteration5.TestVisibilityScope" name="test_admin_sees_all" time="0.828" /><testcase classname="backend.tests.test_iteration5.TestVisibilityScope" name="test_ops_sees_only_own" time="0.525" /><testcase classname="backend.tests.test_iteration5.TestVisibilityScope" name="test_warehouse_sees_only_own" time="0.904" /><testcase classname="backend.tests.test_iteration5.TestVisibilityScope" name="test_finance_sees_all_tenant" time="0.838" /><testcase classname="backend.tests.test_iteration5.TestVisibilityScope" name="test_manager_sees_all_tenant" time="0.936" /><testcase classname="backend.tests.test_iteration5.TestDashboardScope" name="test_admin_dashboard_scope_all" time="0.055" /><testcase classname="backend.tests.test_iteration5.TestDashboardScope" name="test_ops_dashboard_scope_own" time="0.325" /><testcase classname="backend.tests.test_iteration5.TestExportAndCopilotScope" name="test_ops_export_only_includes_own" time="0.227" /><testcase classname="backend.tests.test_iteration5.TestExportAndCopilotScope" name="test_ops_cannot_chat_admin_doc" time="0.143" /><testcase classname="backend.tests.test_iteration5.TestRegression" name="test_health_login_still_works" time="0.044" /><testcase classname="backend.tests.test_iteration5.TestRegression" name="test_documents_list_still_returns_paginated_shape" time="0.226" /></testsuite></testsuites>