<?xml version="1.0" encoding="utf-8"?><testsuites name="pytest tests"><testsuite name="pytest" errors="0" failures="0" skipped="0" tests="78" time="71.522" timestamp="2026-06-11T12:06:01.163367+00:00" hostname="agent-env-0fcf35fd-0871-4eb6-b7b0-4e994da750cb"><testcase classname="backend.tests.backend_test" name="test_root" time="0.131" /><testcase classname="backend.tests.backend_test.TestAuth" name="test_login_admin" time="0.332" /><testcase classname="backend.tests.backend_test.TestAuth" name="test_login_invalid" time="0.379" /><testcase classname="backend.tests.backend_test.TestAuth" name="test_me_requires_auth" time="0.115" /><testcase classname="backend.tests.backend_test.TestAuth" name="test_me_with_session" time="0.377" /><testcase classname="backend.tests.backend_test.TestAuth" name="test_register_creates_user" time="0.775" /><testcase classname="backend.tests.backend_test.TestAuth" name="test_logout_clears_cookies" time="0.440" /><testcase classname="backend.tests.backend_test.TestRBAC" name="test_non_admin_cannot_delete_user" time="0.720" /><testcase classname="backend.tests.backend_test.TestRBAC" name="test_non_admin_cannot_view_audit_logs" time="0.047" /><testcase classname="backend.tests.backend_test.TestRBAC" name="test_admin_can_view_audit_logs" time="0.049" /><testcase classname="backend.tests.backend_test.TestVendors" name="test_create_vendor_invalid_gstin" time="0.046" /><testcase classname="backend.tests.backend_test.TestVendors" name="test_create_vendor_valid_gstin_and_list" time="0.142" /><testcase classname="backend.tests.backend_test.TestDocuments" name="test_upload_single" time="0.097" /><testcase classname="backend.tests.backend_test.TestDocuments" name="test_get_document" time="0.046" /><testcase classname="backend.tests.backend_test.TestDocuments" name="test_get_document_file" time="0.048" /><testcase classname="backend.tests.backend_test.TestDocuments" name="test_list_documents_filters" time="0.157" /><testcase classname="backend.tests.backend_test.TestDocuments" name="test_upload_bulk" time="0.204" /><testcase classname="backend.tests.backend_test.TestDocuments" name="test_update_document_runs_validations" time="0.048" /><testcase classname="backend.tests.backend_test.TestDocuments" name="test_process_document_with_gemini" time="14.557" /><testcase classname="backend.tests.backend_test.TestDocuments" name="test_approve_document" time="0.052" /><testcase classname="backend.tests.backend_test.TestDocuments" name="test_reject_requires_role" time="0.055" /><testcase classname="backend.tests.backend_test.TestDocuments" name="test_export_one_excel" time="0.060" /><testcase classname="backend.tests.backend_test.TestDocuments" name="test_export_all_formats" time="0.228" /><testcase classname="backend.tests.backend_test.TestDashboard" name="test_dashboard_stats" time="0.058" /><testcase classname="backend.tests.backend_test.TestTenantIsolation" name="test_vendors_isolated_per_tenant" time="0.795" /><testcase classname="backend.tests.backend_test" name="test_final_cleanup_ops_user" time="0.102" /><testcase classname="backend.tests.test_iteration2.TestOcrSettings" name="test_get_defaults_for_fresh_tenant" time="0.698" /><testcase classname="backend.tests.test_iteration2.TestOcrSettings" name="test_put_updates_settings" time="0.109" /><testcase classname="backend.tests.test_iteration2.TestOcrSettings" name="test_get_returns_masked_key" time="0.043" /><testcase classname="backend.tests.test_iteration2.TestOcrSettings" name="test_masked_value_does_not_overwrite_real_key" time="0.087" /><testcase classname="backend.tests.test_iteration2.TestOcrSettings" name="test_invalid_engine_rejected" time="0.043" /><testcase classname="backend.tests.test_iteration2.TestOcrSettings" name="test_put_forbidden_non_admin" time="0.653" /><testcase classname="backend.tests.test_iteration2.TestOcrSettings" name="test_test_endpoint_with_bad_host" time="0.142" /><testcase classname="backend.tests.test_iteration2.TestOcrSettings" name="test_test_endpoint_forbidden_non_admin" time="0.044" /><testcase classname="backend.tests.test_iteration2.TestEngineRouting" name="test_engine_override_gemini" time="10.006" /><testcase classname="backend.tests.test_iteration2.TestEngineRouting" name="test_engine_override_olmocr_no_endpoint" time="0.282" /><testcase classname="backend.tests.test_iteration2.TestEngineRouting" name="test_auto_falls_back_to_gemini" time="9.097" /><testcase classname="backend.tests.test_iteration2.TestCopilot" name="test_copilot_chat_basic" time="4.029" /><testcase classname="backend.tests.test_iteration2.TestCopilot" name="test_copilot_disabled" time="0.174" /><testcase classname="backend.tests.test_iteration2.TestTenantIsolationIter2" name="test_b_cannot_update_a_ocr_settings" time="0.097" /><testcase classname="backend.tests.test_iteration2.TestTenantIsolationIter2" name="test_b_cannot_chat_about_a_doc" time="0.187" /><testcase classname="backend.tests.test_iteration3.TestOcrSettingsNewFields" name="test_get_returns_all_new_fields_with_defaults" time="0.473" /><testcase classname="backend.tests.test_iteration3.TestOcrSettingsNewFields" name="test_partial_put_preserves_existing_fields" time="0.230" /><testcase classname="backend.tests.test_iteration3.TestOcrSettingsNewFields" name="test_set_credentials_all_secrets_masked" time="0.173" /><testcase classname="backend.tests.test_iteration3.TestOcrSettingsNewFields" name="test_masked_put_does_not_overwrite_real_key" time="0.498" /><testcase classname="backend.tests.test_iteration3.TestOcrSettingsNewFields" name="test_invalid_copilot_provider_rejected" time="0.053" /><testcase classname="backend.tests.test_iteration3.TestOcrSettingsNewFields" name="test_all_six_providers_accepted[gemini]" time="0.115" /><testcase classname="backend.tests.test_iteration3.TestOcrSettingsNewFields" name="test_all_six_providers_accepted[openai]" time="0.129" /><testcase classname="backend.tests.test_iteration3.TestOcrSettingsNewFields" name="test_all_six_providers_accepted[anthropic]" time="0.125" /><testcase classname="backend.tests.test_iteration3.TestOcrSettingsNewFields" name="test_all_six_providers_accepted[azure_openai]" time="0.116" /><testcase classname="backend.tests.test_iteration3.TestOcrSettingsNewFields" name="test_all_six_providers_accepted[m365_copilot]" time="0.113" /><testcase classname="backend.tests.test_iteration3.TestOcrSettingsNewFields" name="test_all_six_providers_accepted[gemma]" time="0.115" /><testcase classname="backend.tests.test_iteration3.TestOcrSettingsNewFields" name="test_non_admin_put_forbidden" time="0.664" /><testcase classname="backend.tests.test_iteration3.TestOcrSettingsNewFields" name="test_audit_log_records_provider_change" time="0.168" /><testcase classname="backend.tests.test_iteration3.TestCopilotRouting" name="test_gemini_real_reply" time="4.456" /><testcase classname="backend.tests.test_iteration3.TestCopilotRouting" name="test_azure_openai_graceful_error" time="0.185" /><testcase classname="backend.tests.test_iteration3.TestCopilotRouting" name="test_m365_copilot_graceful_error" time="0.334" /><testcase classname="backend.tests.test_iteration3.TestCopilotRouting" name="test_gemma_graceful_error" time="0.188" /><testcase classname="backend.tests.test_iteration3.TestCopilotRouting" name="test_gemma_unconfigured_endpoint" time="0.124" /><testcase classname="backend.tests.test_iteration3.TestRegression" name="test_olmocr_api_key_masking_still_works" time="0.198" /><testcase classname="backend.tests.test_iteration3.TestRegression" name="test_documents_list_still_works" time="0.054" /><testcase classname="backend.tests.test_iteration3.TestRegression" name="test_dashboard_stats_still_work" time="0.235" /><testcase classname="backend.tests.test_iteration4.TestOpencodeSchema" name="test_get_returns_opencode_defaults" time="0.483" /><testcase classname="backend.tests.test_iteration4.TestOpencodeSchema" name="test_put_accepts_opencode_zen_provider" time="0.101" /><testcase classname="backend.tests.test_iteration4.TestOpencodeSchema" name="test_put_rejects_bogus_provider" time="0.057" /><testcase classname="backend.tests.test_iteration4.TestOpencodeMasking" name="test_set_opencode_key_returns_masked" time="0.145" /><testcase classname="backend.tests.test_iteration4.TestOpencodeMasking" name="test_masked_put_does_not_overwrite_real_key" time="0.251" /><testcase classname="backend.tests.test_iteration4.TestOpencodeModelDiscovery" name="test_models_returns_18_plus_with_multimodal_flags" time="0.254" /><testcase classname="backend.tests.test_iteration4.TestOpencodeModelDiscovery" name="test_models_cached_on_second_call" time="0.177" /><testcase classname="backend.tests.test_iteration4.TestOpencodeModelDiscovery" name="test_models_refresh_forces_fresh" time="0.130" /><testcase classname="backend.tests.test_iteration4.TestOpencodeModelDiscovery" name="test_models_for_gemini_returns_empty_with_note" time="0.061" /><testcase classname="backend.tests.test_iteration4.TestOpencodeChat" name="test_chat_with_empty_key_returns_config_message" time="0.211" /><testcase classname="backend.tests.test_iteration4.TestOpencodeChat" name="test_chat_with_fake_key_returns_graceful_401" time="0.271" /><testcase classname="backend.tests.test_iteration4.TestOpencodeRBAC" name="test_non_admin_put_returns_403" time="0.684" /><testcase classname="backend.tests.test_iteration4.TestRegression" name="test_gemini_chat_still_works" time="13.678" /><testcase classname="backend.tests.test_iteration4.TestRegression" name="test_ocr_settings_get_keeps_all_iter3_fields" time="0.102" /><testcase classname="backend.tests.test_iteration4.TestRegression" name="test_documents_list_still_works" time="0.057" /><testcase classname="backend.tests.test_iteration4.TestRegression" name="test_dashboard_stats_still_works" time="0.205" /></testsuite></testsuites>