<?xml version="1.0" encoding="utf-8"?><testsuites name="pytest tests"><testsuite name="pytest" errors="0" failures="1" skipped="0" tests="16" time="8.774" timestamp="2026-06-11T12:05:39.622384+00:00" hostname="agent-env-0fcf35fd-0871-4eb6-b7b0-4e994da750cb"><testcase classname="backend.tests.test_iteration4.TestOpencodeSchema" name="test_get_returns_opencode_defaults" time="0.638" /><testcase classname="backend.tests.test_iteration4.TestOpencodeSchema" name="test_put_accepts_opencode_zen_provider" time="0.111" /><testcase classname="backend.tests.test_iteration4.TestOpencodeSchema" name="test_put_rejects_bogus_provider" time="0.053" /><testcase classname="backend.tests.test_iteration4.TestOpencodeMasking" name="test_set_opencode_key_returns_masked" time="0.174" /><testcase classname="backend.tests.test_iteration4.TestOpencodeMasking" name="test_masked_put_does_not_overwrite_real_key" time="0.290" /><testcase classname="backend.tests.test_iteration4.TestOpencodeModelDiscovery" name="test_models_returns_18_plus_with_multimodal_flags" time="0.254" /><testcase classname="backend.tests.test_iteration4.TestOpencodeModelDiscovery" name="test_models_cached_on_second_call" time="0.201" /><testcase classname="backend.tests.test_iteration4.TestOpencodeModelDiscovery" name="test_models_refresh_forces_fresh" time="0.133" /><testcase classname="backend.tests.test_iteration4.TestOpencodeModelDiscovery" name="test_models_for_gemini_returns_empty_with_note" time="0.051" /><testcase classname="backend.tests.test_iteration4.TestOpencodeChat" name="test_chat_with_empty_key_returns_config_message" time="0.265" /><testcase classname="backend.tests.test_iteration4.TestOpencodeChat" name="test_chat_with_fake_key_returns_graceful_401" time="0.290" /><testcase classname="backend.tests.test_iteration4.TestOpencodeRBAC" name="test_non_admin_put_returns_403" time="0.698" /><testcase classname="backend.tests.test_iteration4.TestRegression" name="test_gemini_chat_still_works" time="4.921" /><testcase classname="backend.tests.test_iteration4.TestRegression" name="test_ocr_settings_get_keeps_all_iter3_fields" time="0.116" /><testcase classname="backend.tests.test_iteration4.TestRegression" name="test_documents_list_still_works" time="0.063"><failure message="AssertionError: assert False&#10; +  where False = isinstance({'documents': [{'approved_by': None, 'confidence': 0.0, 'created_at': '2026-06-11T12:05:41.817637+00:00', 'doc_type': 'unknown', ...}, {'approved_by': None, 'confidence': 0.95, 'created_at': '2026-05-11T08:32:51.658819+00:00', 'doc_type': 'delivery_challan', ...}, {'approved_by': None, 'confidence': 0.95, 'created_at': '2026-05-11T08:31:55.874605+00:00', 'doc_type': 'delivery_challan', ...}, {'approved_by': None, 'confidence': 0.9, 'created_at': '2026-05-11T08:31:03.178521+00:00', 'doc_type': 'other', ...}, {'approved_by': None, 'confidence': 0.95, 'created_at': '2026-05-11T08:30:40.465959+00:00', 'doc_type': 'invoice', ...}, {'approved_by': None, 'confidence': 0.98, 'created_at': '2026-05-11T08:30:40.464494+00:00', 'doc_type': 'invoice', ...}, ...], 'total': 11}, list)&#10; +    where {'documents': [{'approved_by': None, 'confidence': 0.0, 'created_at': '2026-06-11T12:05:41.817637+00:00', 'doc_type': 'unknown', ...}, {'approved_by': None, 'confidence': 0.95, 'created_at': '2026-05-11T08:32:51.658819+00:00', 'doc_type': 'delivery_challan', ...}, {'approved_by': None, 'confidence': 0.95, 'created_at': '2026-05-11T08:31:55.874605+00:00', 'doc_type': 'delivery_challan', ...}, {'approved_by': None, 'confidence': 0.9, 'created_at': '2026-05-11T08:31:03.178521+00:00', 'doc_type': 'other', ...}, {'approved_by': None, 'confidence': 0.95, 'created_at': '2026-05-11T08:30:40.465959+00:00', 'doc_type': 'invoice', ...}, {'approved_by': None, 'confidence': 0.98, 'created_at': '2026-05-11T08:30:40.464494+00:00', 'doc_type': 'invoice', ...}, ...], 'total': 11} = json()&#10; +      where json = &lt;Response [200]&gt;.json">backend/tests/test_iteration4.py:310: in test_documents_list_still_works
    assert isinstance(r.json(), list)
E   AssertionError: assert False
E    +  where False = isinstance({'documents': [{'approved_by': None, 'confidence': 0.0, 'created_at': '2026-06-11T12:05:41.817637+00:00', 'doc_type': 'unknown', ...}, {'approved_by': None, 'confidence': 0.95, 'created_at': '2026-05-11T08:32:51.658819+00:00', 'doc_type': 'delivery_challan', ...}, {'approved_by': None, 'confidence': 0.95, 'created_at': '2026-05-11T08:31:55.874605+00:00', 'doc_type': 'delivery_challan', ...}, {'approved_by': None, 'confidence': 0.9, 'created_at': '2026-05-11T08:31:03.178521+00:00', 'doc_type': 'other', ...}, {'approved_by': None, 'confidence': 0.95, 'created_at': '2026-05-11T08:30:40.465959+00:00', 'doc_type': 'invoice', ...}, {'approved_by': None, 'confidence': 0.98, 'created_at': '2026-05-11T08:30:40.464494+00:00', 'doc_type': 'invoice', ...}, ...], 'total': 11}, list)
E    +    where {'documents': [{'approved_by': None, 'confidence': 0.0, 'created_at': '2026-06-11T12:05:41.817637+00:00', 'doc_type': 'unknown', ...}, {'approved_by': None, 'confidence': 0.95, 'created_at': '2026-05-11T08:32:51.658819+00:00', 'doc_type': 'delivery_challan', ...}, {'approved_by': None, 'confidence': 0.95, 'created_at': '2026-05-11T08:31:55.874605+00:00', 'doc_type': 'delivery_challan', ...}, {'approved_by': None, 'confidence': 0.9, 'created_at': '2026-05-11T08:31:03.178521+00:00', 'doc_type': 'other', ...}, {'approved_by': None, 'confidence': 0.95, 'created_at': '2026-05-11T08:30:40.465959+00:00', 'doc_type': 'invoice', ...}, {'approved_by': None, 'confidence': 0.98, 'created_at': '2026-05-11T08:30:40.464494+00:00', 'doc_type': 'invoice', ...}, ...], 'total': 11} = json()
E    +      where json = &lt;Response [200]&gt;.json</failure></testcase><testcase classname="backend.tests.test_iteration4.TestRegression" name="test_dashboard_stats_still_works" time="0.278" /></testsuite></testsuites>