<?xml version="1.0" encoding="utf-8"?><testsuites name="pytest tests"><testsuite name="pytest" errors="0" failures="2" skipped="0" tests="21" time="11.818" timestamp="2026-05-13T10:49:45.346668+00:00" hostname="agent-env-0fcf35fd-0871-4eb6-b7b0-4e994da750cb"><testcase classname="backend.tests.test_iteration3.TestOcrSettingsNewFields" name="test_get_returns_all_new_fields_with_defaults" time="0.656" /><testcase classname="backend.tests.test_iteration3.TestOcrSettingsNewFields" name="test_partial_put_preserves_existing_fields" time="0.207" /><testcase classname="backend.tests.test_iteration3.TestOcrSettingsNewFields" name="test_set_credentials_all_secrets_masked" time="0.147" /><testcase classname="backend.tests.test_iteration3.TestOcrSettingsNewFields" name="test_masked_put_does_not_overwrite_real_key" time="0.375" /><testcase classname="backend.tests.test_iteration3.TestOcrSettingsNewFields" name="test_invalid_copilot_provider_rejected" time="0.046" /><testcase classname="backend.tests.test_iteration3.TestOcrSettingsNewFields" name="test_all_six_providers_accepted[gemini]" time="0.099" /><testcase classname="backend.tests.test_iteration3.TestOcrSettingsNewFields" name="test_all_six_providers_accepted[openai]" time="0.092" /><testcase classname="backend.tests.test_iteration3.TestOcrSettingsNewFields" name="test_all_six_providers_accepted[anthropic]" time="0.097" /><testcase classname="backend.tests.test_iteration3.TestOcrSettingsNewFields" name="test_all_six_providers_accepted[azure_openai]" time="0.107" /><testcase classname="backend.tests.test_iteration3.TestOcrSettingsNewFields" name="test_all_six_providers_accepted[m365_copilot]" time="0.098" /><testcase classname="backend.tests.test_iteration3.TestOcrSettingsNewFields" name="test_all_six_providers_accepted[gemma]" time="0.095" /><testcase classname="backend.tests.test_iteration3.TestOcrSettingsNewFields" name="test_non_admin_put_forbidden" time="0.704" /><testcase classname="backend.tests.test_iteration3.TestOcrSettingsNewFields" name="test_audit_log_records_provider_change" time="0.150" /><testcase classname="backend.tests.test_iteration3.TestCopilotRouting" name="test_gemini_real_reply" time="7.521" /><testcase classname="backend.tests.test_iteration3.TestCopilotRouting" name="test_azure_openai_graceful_error" time="0.163" /><testcase classname="backend.tests.test_iteration3.TestCopilotRouting" name="test_m365_copilot_graceful_error" time="0.273" /><testcase classname="backend.tests.test_iteration3.TestCopilotRouting" name="test_gemma_graceful_error" time="0.164" /><testcase classname="backend.tests.test_iteration3.TestCopilotRouting" name="test_gemma_unconfigured_endpoint" time="0.110" /><testcase classname="backend.tests.test_iteration3.TestRegression" name="test_olmocr_api_key_masking_still_works" time="0.144" /><testcase classname="backend.tests.test_iteration3.TestRegression" name="test_documents_list_still_works" time="0.047"><failure message="AssertionError: assert False&#10; +  where False = isinstance({'documents': [{'approved_by': None, 'confidence': 0.0, 'created_at': '2026-05-13T10:49:48.606484+00:00', 'doc_type': 'unknown', ...}, {'approved_by': None, 'confidence': 0.95, 'created_at': '2026-05-11T08:32:51.658819+00:00', 'doc_type': 'delivery_challan', ...}, {'approved_by': None, 'confidence': 0.95, 'created_at': '2026-05-11T08:31:55.874605+00:00', 'doc_type': 'delivery_challan', ...}, {'approved_by': None, 'confidence': 0.9, 'created_at': '2026-05-11T08:31:03.178521+00:00', 'doc_type': 'other', ...}, {'approved_by': None, 'confidence': 0.95, 'created_at': '2026-05-11T08:30:40.465959+00:00', 'doc_type': 'invoice', ...}], 'total': 11}, list)&#10; +    where {'documents': [{'approved_by': None, 'confidence': 0.0, 'created_at': '2026-05-13T10:49:48.606484+00:00', 'doc_type': 'unknown', ...}, {'approved_by': None, 'confidence': 0.95, 'created_at': '2026-05-11T08:32:51.658819+00:00', 'doc_type': 'delivery_challan', ...}, {'approved_by': None, 'confidence': 0.95, 'created_at': '2026-05-11T08:31:55.874605+00:00', 'doc_type': 'delivery_challan', ...}, {'approved_by': None, 'confidence': 0.9, 'created_at': '2026-05-11T08:31:03.178521+00:00', 'doc_type': 'other', ...}, {'approved_by': None, 'confidence': 0.95, 'created_at': '2026-05-11T08:30:40.465959+00:00', 'doc_type': 'invoice', ...}], 'total': 11} = json()&#10; +      where json = &lt;Response [200]&gt;.json">backend/tests/test_iteration3.py:340: in test_documents_list_still_works
    assert isinstance(r.json(), list)
E   AssertionError: assert False
E    +  where False = isinstance({'documents': [{'approved_by': None, 'confidence': 0.0, 'created_at': '2026-05-13T10:49:48.606484+00:00', 'doc_type': 'unknown', ...}, {'approved_by': None, 'confidence': 0.95, 'created_at': '2026-05-11T08:32:51.658819+00:00', 'doc_type': 'delivery_challan', ...}, {'approved_by': None, 'confidence': 0.95, 'created_at': '2026-05-11T08:31:55.874605+00:00', 'doc_type': 'delivery_challan', ...}, {'approved_by': None, 'confidence': 0.9, 'created_at': '2026-05-11T08:31:03.178521+00:00', 'doc_type': 'other', ...}, {'approved_by': None, 'confidence': 0.95, 'created_at': '2026-05-11T08:30:40.465959+00:00', 'doc_type': 'invoice', ...}], 'total': 11}, list)
E    +    where {'documents': [{'approved_by': None, 'confidence': 0.0, 'created_at': '2026-05-13T10:49:48.606484+00:00', 'doc_type': 'unknown', ...}, {'approved_by': None, 'confidence': 0.95, 'created_at': '2026-05-11T08:32:51.658819+00:00', 'doc_type': 'delivery_challan', ...}, {'approved_by': None, 'confidence': 0.95, 'created_at': '2026-05-11T08:31:55.874605+00:00', 'doc_type': 'delivery_challan', ...}, {'approved_by': None, 'confidence': 0.9, 'created_at': '2026-05-11T08:31:03.178521+00:00', 'doc_type': 'other', ...}, {'approved_by': None, 'confidence': 0.95, 'created_at': '2026-05-11T08:30:40.465959+00:00', 'doc_type': 'invoice', ...}], 'total': 11} = json()
E    +      where json = &lt;Response [200]&gt;.json</failure></testcase><testcase classname="backend.tests.test_iteration3.TestRegression" name="test_dashboard_kpis_still_work" time="0.188"><failure message="assert 404 == 200&#10; +  where 404 = &lt;Response [404]&gt;.status_code">backend/tests/test_iteration3.py:344: in test_dashboard_kpis_still_work
    assert r.status_code == 200
E   assert 404 == 200
E    +  where 404 = &lt;Response [404]&gt;.status_code</failure></testcase></testsuite></testsuites>