<?xml version="1.0" encoding="utf-8"?><testsuites name="pytest tests"><testsuite name="pytest" errors="0" failures="0" skipped="0" tests="98" time="78.330" timestamp="2026-06-16T10:10:02.581095+00:00" hostname="agent-env-0fcf35fd-0871-4eb6-b7b0-4e994da750cb"><testcase classname="backend.tests.backend_test" name="test_root" time="0.117" /><testcase classname="backend.tests.backend_test.TestAuth" name="test_login_admin" time="0.324" /><testcase classname="backend.tests.backend_test.TestAuth" name="test_login_invalid" time="0.332" /><testcase classname="backend.tests.backend_test.TestAuth" name="test_me_requires_auth" time="0.099" /><testcase classname="backend.tests.backend_test.TestAuth" name="test_me_with_session" time="0.418" /><testcase classname="backend.tests.backend_test.TestAuth" name="test_register_creates_user" time="0.718" /><testcase classname="backend.tests.backend_test.TestAuth" name="test_logout_clears_cookies" time="0.412" /><testcase classname="backend.tests.backend_test.TestRBAC" name="test_non_admin_cannot_delete_user" time="0.687" /><testcase classname="backend.tests.backend_test.TestRBAC" name="test_non_admin_cannot_view_audit_logs" time="0.046" /><testcase classname="backend.tests.backend_test.TestRBAC" name="test_admin_can_view_audit_logs" time="0.051" /><testcase classname="backend.tests.backend_test.TestVendors" name="test_create_vendor_invalid_gstin" time="0.042" /><testcase classname="backend.tests.backend_test.TestVendors" name="test_create_vendor_valid_gstin_and_list" time="0.171" /><testcase classname="backend.tests.backend_test.TestDocuments" name="test_upload_single" time="0.106" /><testcase classname="backend.tests.backend_test.TestDocuments" name="test_get_document" time="0.080" /><testcase classname="backend.tests.backend_test.TestDocuments" name="test_get_document_file" time="0.046" /><testcase classname="backend.tests.backend_test.TestDocuments" name="test_list_documents_filters" time="0.140" /><testcase classname="backend.tests.backend_test.TestDocuments" name="test_upload_bulk" time="0.259" /><testcase classname="backend.tests.backend_test.TestDocuments" name="test_update_document_runs_validations" time="0.043" /><testcase classname="backend.tests.backend_test.TestDocuments" name="test_process_document_with_gemini" time="18.306" /><testcase classname="backend.tests.backend_test.TestDocuments" name="test_approve_document" time="0.045" /><testcase classname="backend.tests.backend_test.TestDocuments" name="test_reject_requires_role" time="0.052" /><testcase classname="backend.tests.backend_test.TestDocuments" name="test_export_one_excel" time="0.048" /><testcase classname="backend.tests.backend_test.TestDocuments" name="test_export_all_formats" time="0.241" /><testcase classname="backend.tests.backend_test.TestDashboard" name="test_dashboard_stats" time="0.062" /><testcase classname="backend.tests.backend_test.TestTenantIsolation" name="test_vendors_isolated_per_tenant" time="0.799" /><testcase classname="backend.tests.backend_test" name="test_final_cleanup_ops_user" time="0.130" /><testcase classname="backend.tests.test_iteration2.TestOcrSettings" name="test_get_defaults_for_fresh_tenant" time="0.709" /><testcase classname="backend.tests.test_iteration2.TestOcrSettings" name="test_put_updates_settings" time="0.046" /><testcase classname="backend.tests.test_iteration2.TestOcrSettings" name="test_get_returns_masked_key" time="0.044" /><testcase classname="backend.tests.test_iteration2.TestOcrSettings" name="test_masked_value_does_not_overwrite_real_key" time="0.085" /><testcase classname="backend.tests.test_iteration2.TestOcrSettings" name="test_invalid_engine_rejected" time="0.044" /><testcase classname="backend.tests.test_iteration2.TestOcrSettings" name="test_put_forbidden_non_admin" time="0.645" /><testcase classname="backend.tests.test_iteration2.TestOcrSettings" name="test_test_endpoint_with_bad_host" time="0.147" /><testcase classname="backend.tests.test_iteration2.TestOcrSettings" name="test_test_endpoint_forbidden_non_admin" time="0.053" /><testcase classname="backend.tests.test_iteration2.TestEngineRouting" name="test_engine_override_gemini" time="9.641" /><testcase classname="backend.tests.test_iteration2.TestEngineRouting" name="test_engine_override_olmocr_no_endpoint" time="0.222" /><testcase classname="backend.tests.test_iteration2.TestEngineRouting" name="test_auto_falls_back_to_gemini" time="12.386" /><testcase classname="backend.tests.test_iteration2.TestCopilot" name="test_copilot_chat_basic" time="5.622" /><testcase classname="backend.tests.test_iteration2.TestCopilot" name="test_copilot_disabled" time="0.175" /><testcase classname="backend.tests.test_iteration2.TestTenantIsolationIter2" name="test_b_cannot_update_a_ocr_settings" time="0.086" /><testcase classname="backend.tests.test_iteration2.TestTenantIsolationIter2" name="test_b_cannot_chat_about_a_doc" time="0.219" /><testcase classname="backend.tests.test_iteration3.TestOcrSettingsNewFields" name="test_get_returns_all_new_fields_with_defaults" time="0.451" /><testcase classname="backend.tests.test_iteration3.TestOcrSettingsNewFields" name="test_partial_put_preserves_existing_fields" time="0.181" /><testcase classname="backend.tests.test_iteration3.TestOcrSettingsNewFields" name="test_set_credentials_all_secrets_masked" time="0.130" /><testcase classname="backend.tests.test_iteration3.TestOcrSettingsNewFields" name="test_masked_put_does_not_overwrite_real_key" time="0.374" /><testcase classname="backend.tests.test_iteration3.TestOcrSettingsNewFields" name="test_invalid_copilot_provider_rejected" time="0.042" /><testcase classname="backend.tests.test_iteration3.TestOcrSettingsNewFields" name="test_all_six_providers_accepted[gemini]" time="0.095" /><testcase classname="backend.tests.test_iteration3.TestOcrSettingsNewFields" name="test_all_six_providers_accepted[openai]" time="0.088" /><testcase classname="backend.tests.test_iteration3.TestOcrSettingsNewFields" name="test_all_six_providers_accepted[anthropic]" time="0.087" /><testcase classname="backend.tests.test_iteration3.TestOcrSettingsNewFields" name="test_all_six_providers_accepted[azure_openai]" time="0.096" /><testcase classname="backend.tests.test_iteration3.TestOcrSettingsNewFields" name="test_all_six_providers_accepted[m365_copilot]" time="0.168" /><testcase classname="backend.tests.test_iteration3.TestOcrSettingsNewFields" name="test_all_six_providers_accepted[gemma]" time="0.090" /><testcase classname="backend.tests.test_iteration3.TestOcrSettingsNewFields" name="test_non_admin_put_forbidden" time="0.631" /><testcase classname="backend.tests.test_iteration3.TestOcrSettingsNewFields" name="test_audit_log_records_provider_change" time="0.132" /><testcase classname="backend.tests.test_iteration3.TestCopilotRouting" name="test_gemini_real_reply" time="4.727" /><testcase classname="backend.tests.test_iteration3.TestCopilotRouting" name="test_azure_openai_graceful_error" time="0.152" /><testcase classname="backend.tests.test_iteration3.TestCopilotRouting" name="test_m365_copilot_graceful_error" time="0.295" /><testcase classname="backend.tests.test_iteration3.TestCopilotRouting" name="test_gemma_graceful_error" time="0.161" /><testcase classname="backend.tests.test_iteration3.TestCopilotRouting" name="test_gemma_unconfigured_endpoint" time="0.089" /><testcase classname="backend.tests.test_iteration3.TestRegression" name="test_olmocr_api_key_masking_still_works" time="0.133" /><testcase classname="backend.tests.test_iteration3.TestRegression" name="test_documents_list_still_works" time="0.043" /><testcase classname="backend.tests.test_iteration3.TestRegression" name="test_dashboard_stats_still_work" time="0.187" /><testcase classname="backend.tests.test_iteration4.TestOpencodeSchema" name="test_get_returns_opencode_defaults" time="0.438" /><testcase classname="backend.tests.test_iteration4.TestOpencodeSchema" name="test_put_accepts_opencode_zen_provider" time="0.126" /><testcase classname="backend.tests.test_iteration4.TestOpencodeSchema" name="test_put_rejects_bogus_provider" time="0.043" /><testcase classname="backend.tests.test_iteration4.TestOpencodeMasking" name="test_set_opencode_key_returns_masked" time="0.139" /><testcase classname="backend.tests.test_iteration4.TestOpencodeMasking" name="test_masked_put_does_not_overwrite_real_key" time="0.223" /><testcase classname="backend.tests.test_iteration4.TestOpencodeModelDiscovery" name="test_models_returns_18_plus_with_multimodal_flags" time="0.206" /><testcase classname="backend.tests.test_iteration4.TestOpencodeModelDiscovery" name="test_models_cached_on_second_call" time="0.174" /><testcase classname="backend.tests.test_iteration4.TestOpencodeModelDiscovery" name="test_models_refresh_forces_fresh" time="0.123" /><testcase classname="backend.tests.test_iteration4.TestOpencodeModelDiscovery" name="test_models_for_gemini_returns_empty_with_note" time="0.047" /><testcase classname="backend.tests.test_iteration4.TestOpencodeChat" name="test_chat_with_empty_key_returns_config_message" time="0.237" /><testcase classname="backend.tests.test_iteration4.TestOpencodeChat" name="test_chat_with_fake_key_returns_graceful_401" time="0.262" /><testcase classname="backend.tests.test_iteration4.TestOpencodeRBAC" name="test_non_admin_put_returns_403" time="0.663" /><testcase classname="backend.tests.test_iteration4.TestRegression" name="test_gemini_chat_still_works" time="4.386" /><testcase classname="backend.tests.test_iteration4.TestRegression" name="test_ocr_settings_get_keeps_all_iter3_fields" time="0.127" /><testcase classname="backend.tests.test_iteration4.TestRegression" name="test_documents_list_still_works" time="0.048" /><testcase classname="backend.tests.test_iteration4.TestRegression" name="test_dashboard_stats_still_works" time="0.227" /><testcase classname="backend.tests.test_iteration5.TestCompression" name="test_large_png_compressed_to_jpeg_under_2048" time="1.003" /><testcase classname="backend.tests.test_iteration5.TestCompression" name="test_small_jpeg_passes_through_unchanged" time="0.135" /><testcase classname="backend.tests.test_iteration5.TestCompression" name="test_exif_orientation_auto_rotated" time="0.326" /><testcase classname="backend.tests.test_iteration5.TestPdfMultiPage" name="test_3_page_pdf_rasterized" time="0.792" /><testcase classname="backend.tests.test_iteration5.TestPdfMultiPage" name="test_5_page_pdf_capped_at_3" time="0.622" /><testcase classname="backend.tests.test_iteration5.TestUploadBulk" name="test_combine_3_images_as_single_doc" time="0.097" /><testcase classname="backend.tests.test_iteration5.TestUploadBulk" name="test_default_creates_separate_docs" time="0.185" /><testcase classname="backend.tests.test_iteration5.TestFileEndpoint" name="test_page_out_of_range_returns_404" time="0.222" /><testcase classname="backend.tests.test_iteration5.TestFileEndpoint" name="test_legacy_single_page_doc_synthesised" time="0.177" /><testcase classname="backend.tests.test_iteration5.TestVisibilityScope" name="test_admin_sees_all" time="0.849" /><testcase classname="backend.tests.test_iteration5.TestVisibilityScope" name="test_ops_sees_only_own" time="0.487" /><testcase classname="backend.tests.test_iteration5.TestVisibilityScope" name="test_warehouse_sees_only_own" time="0.835" /><testcase classname="backend.tests.test_iteration5.TestVisibilityScope" name="test_finance_sees_all_tenant" time="0.836" /><testcase classname="backend.tests.test_iteration5.TestVisibilityScope" name="test_manager_sees_all_tenant" time="0.840" /><testcase classname="backend.tests.test_iteration5.TestDashboardScope" name="test_admin_dashboard_scope_all" time="0.058" /><testcase classname="backend.tests.test_iteration5.TestDashboardScope" name="test_ops_dashboard_scope_own" time="0.306" /><testcase classname="backend.tests.test_iteration5.TestExportAndCopilotScope" name="test_ops_export_only_includes_own" time="0.230" /><testcase classname="backend.tests.test_iteration5.TestExportAndCopilotScope" name="test_ops_cannot_chat_admin_doc" time="0.135" /><testcase classname="backend.tests.test_iteration5.TestRegression" name="test_health_login_still_works" time="0.043" /><testcase classname="backend.tests.test_iteration5.TestRegression" name="test_documents_list_still_returns_paginated_shape" time="0.226" /></testsuite></testsuites>