<?xml version="1.0" encoding="utf-8"?><testsuites name="pytest tests"><testsuite name="pytest" errors="0" failures="1" skipped="0" tests="26" time="20.626" timestamp="2026-05-09T08:19:42.896312+00:00" hostname="agent-env-0fcf35fd-0871-4eb6-b7b0-4e994da750cb"><testcase classname="backend.tests.backend_test" name="test_root" time="0.339" /><testcase classname="backend.tests.backend_test.TestAuth" name="test_login_admin" time="0.382" /><testcase classname="backend.tests.backend_test.TestAuth" name="test_login_invalid" time="0.378" /><testcase classname="backend.tests.backend_test.TestAuth" name="test_me_requires_auth" time="0.163" /><testcase classname="backend.tests.backend_test.TestAuth" name="test_me_with_session" time="0.381" /><testcase classname="backend.tests.backend_test.TestAuth" name="test_register_creates_user" time="0.376"><failure message="AssertionError: assert 'test_reg_a20...6@docintel.io' == 'TEST_reg_a20...6@docintel.io'&#10;  &#10;  - TEST_reg_a2099546@docintel.io&#10;  ? ^^^^&#10;  + test_reg_a2099546@docintel.io&#10;  ? ^^^^">backend/tests/backend_test.py:136: in test_register_creates_user
    assert u["email"] == email
E   AssertionError: assert 'test_reg_a20...6@docintel.io' == 'TEST_reg_a20...6@docintel.io'
E     
E     - TEST_reg_a2099546@docintel.io
E     ? ^^^^
E     + test_reg_a2099546@docintel.io
E     ? ^^^^</failure></testcase><testcase classname="backend.tests.backend_test.TestAuth" name="test_logout_clears_cookies" time="0.440" /><testcase classname="backend.tests.backend_test.TestRBAC" name="test_non_admin_cannot_delete_user" time="0.776" /><testcase classname="backend.tests.backend_test.TestRBAC" name="test_non_admin_cannot_view_audit_logs" time="0.049" /><testcase classname="backend.tests.backend_test.TestRBAC" name="test_admin_can_view_audit_logs" time="0.049" /><testcase classname="backend.tests.backend_test.TestVendors" name="test_create_vendor_invalid_gstin" time="0.048" /><testcase classname="backend.tests.backend_test.TestVendors" name="test_create_vendor_valid_gstin_and_list" time="0.152" /><testcase classname="backend.tests.backend_test.TestDocuments" name="test_upload_single" time="0.117" /><testcase classname="backend.tests.backend_test.TestDocuments" name="test_get_document" time="0.043" /><testcase classname="backend.tests.backend_test.TestDocuments" name="test_get_document_file" time="0.051" /><testcase classname="backend.tests.backend_test.TestDocuments" name="test_list_documents_filters" time="0.174" /><testcase classname="backend.tests.backend_test.TestDocuments" name="test_upload_bulk" time="0.203" /><testcase classname="backend.tests.backend_test.TestDocuments" name="test_update_document_runs_validations" time="0.086" /><testcase classname="backend.tests.backend_test.TestDocuments" name="test_process_document_with_gemini" time="14.790" /><testcase classname="backend.tests.backend_test.TestDocuments" name="test_approve_document" time="0.049" /><testcase classname="backend.tests.backend_test.TestDocuments" name="test_reject_requires_role" time="0.048" /><testcase classname="backend.tests.backend_test.TestDocuments" name="test_export_one_excel" time="0.060" /><testcase classname="backend.tests.backend_test.TestDocuments" name="test_export_all_formats" time="0.237" /><testcase classname="backend.tests.backend_test.TestDashboard" name="test_dashboard_stats" time="0.058" /><testcase classname="backend.tests.backend_test.TestTenantIsolation" name="test_vendors_isolated_per_tenant" time="0.810" /><testcase classname="backend.tests.backend_test" name="test_final_cleanup_ops_user" time="0.090" /></testsuite></testsuites>