<?xml version="1.0" encoding="utf-8"?><testsuites name="pytest tests"><testsuite name="pytest" errors="0" failures="0" skipped="0" tests="26" time="33.829" timestamp="2026-05-12T12:35:58.801248+00:00" hostname="agent-env-0fcf35fd-0871-4eb6-b7b0-4e994da750cb"><testcase classname="backend.tests.backend_test" name="test_root" time="0.150" /><testcase classname="backend.tests.backend_test.TestAuth" name="test_login_admin" time="0.360" /><testcase classname="backend.tests.backend_test.TestAuth" name="test_login_invalid" time="0.351" /><testcase classname="backend.tests.backend_test.TestAuth" name="test_me_requires_auth" time="0.174" /><testcase classname="backend.tests.backend_test.TestAuth" name="test_me_with_session" time="0.475" /><testcase classname="backend.tests.backend_test.TestAuth" name="test_register_creates_user" time="0.763" /><testcase classname="backend.tests.backend_test.TestAuth" name="test_logout_clears_cookies" time="0.510" /><testcase classname="backend.tests.backend_test.TestRBAC" name="test_non_admin_cannot_delete_user" time="0.750" /><testcase classname="backend.tests.backend_test.TestRBAC" name="test_non_admin_cannot_view_audit_logs" time="0.066" /><testcase classname="backend.tests.backend_test.TestRBAC" name="test_admin_can_view_audit_logs" time="0.077" /><testcase classname="backend.tests.backend_test.TestVendors" name="test_create_vendor_invalid_gstin" time="0.061" /><testcase classname="backend.tests.backend_test.TestVendors" name="test_create_vendor_valid_gstin_and_list" time="0.195" /><testcase classname="backend.tests.backend_test.TestDocuments" name="test_upload_single" time="0.107" /><testcase classname="backend.tests.backend_test.TestDocuments" name="test_get_document" time="0.124" /><testcase classname="backend.tests.backend_test.TestDocuments" name="test_get_document_file" time="0.075" /><testcase classname="backend.tests.backend_test.TestDocuments" name="test_list_documents_filters" time="0.225" /><testcase classname="backend.tests.backend_test.TestDocuments" name="test_upload_bulk" time="0.272" /><testcase classname="backend.tests.backend_test.TestDocuments" name="test_update_document_runs_validations" time="0.068" /><testcase classname="backend.tests.backend_test.TestDocuments" name="test_process_document_with_gemini" time="27.225" /><testcase classname="backend.tests.backend_test.TestDocuments" name="test_approve_document" time="0.101" /><testcase classname="backend.tests.backend_test.TestDocuments" name="test_reject_requires_role" time="0.080" /><testcase classname="backend.tests.backend_test.TestDocuments" name="test_export_one_excel" time="0.074" /><testcase classname="backend.tests.backend_test.TestDocuments" name="test_export_all_formats" time="0.282" /><testcase classname="backend.tests.backend_test.TestDashboard" name="test_dashboard_stats" time="0.074" /><testcase classname="backend.tests.backend_test.TestTenantIsolation" name="test_vendors_isolated_per_tenant" time="0.955" /><testcase classname="backend.tests.backend_test" name="test_final_cleanup_ops_user" time="0.122" /></testsuite></testsuites>